07-12-16 1:35:44 Error failed to retrieve image http://www.sinaimg.cn/favicon.ico,<html>
<head><title>404 Not Found</title></head>
<body bgcolor="white">
<center><h1>404 Not Found</h1></center>
<hr><center>nginx</center>
</body>
</html>
<!-- a padding to disable MSIE and Chrome friendly error page -->
<!-- a padding to disable MSIE and Chrome friendly error page -->
<!-- a padding to disable MSIE and Chrome friendly error page -->
<!-- a padding to disable MSIE and Chrome friendly error page -->
<!-- a padding to disable MSIE and Chrome friendly error page -->
<!-- a padding 
07-12-16 6:56:15 Error Unimplemented method for sqlite: numberOfUnreadForTag
07-12-16 7:02:15 Error Unimplemented method for sqlite: numberOfUnreadForTag
07-12-16 7:08:15 Error Unimplemented method for sqlite: numberOfUnreadForTag
07-12-16 7:16:02 Error Unimplemented method for sqlite: numberOfUnreadForTag
07-12-16 7:22:01 Error Unimplemented method for sqlite: numberOfUnreadForTag
07-12-16 7:31:05 Error Unimplemented method for sqlite: numberOfUnreadForTag
07-12-16 7:37:04 Error Unimplemented method for sqlite: numberOfUnreadForTag
07-12-16 7:43:04 Error Unimplemented method for sqlite: numberOfUnreadForTag
07-12-16 7:49:04 Error Unimplemented method for sqlite: numberOfUnreadForTag
07-12-16 7:54:05 Error Unimplemented method for sqlite: numberOfUnreadForTag
07-12-16 8:00:04 Error Unimplemented method for sqlite: numberOfUnreadForTag
07-12-16 8:06:27 Error Unimplemented method for sqlite: numberOfUnreadForTag
07-12-16 8:12:27 Error Unimplemented method for sqlite: numberOfUnreadForTag
07-12-16 8:18:27 Error Unimplemented method for sqlite: numberOfUnreadForTag
07-13-16 6:46:43 Error Unimplemented method for sqlite: numberOfUnreadForTag
07-13-16 6:52:43 Error Unimplemented method for sqlite: numberOfUnreadForTag
